1681953229898:exit
1681953435773:hello-world
1681953447287:help
1681953457160:exit
1681953501198:help
1681953507478:hello-world
1681953517424:hello-world --args keiji
1681953527743:hello-world --arg keiji
1681953608537:exit
1681954438269:hello-world
1681954440209:exit
1681954652578:hello-world
1681954661375:ls
1681955392565:help
1681955554407:quit
1681965200807:getos
1681965206607:exit
1681965577366:ls
1681965584931:pwd
1681965642484:cmd pwd
1681965656851:cmd 'ls -la'
1681965682245:cmd 'cd ktest'
1681965687157:cmd ls
1681965725722:quit
